Using pre-set license
Built from '2022.3/staging' branch; Version is '2022.3.24f1 (334eb2a0b267) revision 3362482'; Using compiler version '192829333'; Build Type 'Release'
OS: 'Windows 11  (10.0.22631) 64bit Professional' Language: 'ru' Physical Memory: 16251 MB
BatchMode: 1, IsHumanControllingUs: 0, StartBugReporterOnCrash: 0, Is64bit: 1, IsPro: 1

COMMAND LINE ARGUMENTS:
D:\Program Files\UnityHub\2022.3.24f1\Editor\Unity.exe
-adb2
-batchMode
-noUpm
-name
AssetImportWorker1
-projectPath
D:/Institut/VR/VR_2024/My project (2)
-logFile
Logs/AssetImportWorker1.log
-srvPort
64525
Successfully changed project path to: D:/Institut/VR/VR_2024/My project (2)
D:/Institut/VR/VR_2024/My project (2)
[UnityMemory] Configuration Parameters - Can be set up in boot.config
    "memorysetup-bucket-allocator-granularity=16"
    "memorysetup-bucket-allocator-bucket-count=8"
    "memorysetup-bucket-allocator-block-size=33554432"
    "memorysetup-bucket-allocator-block-count=8"
    "memorysetup-main-allocator-block-size=16777216"
    "memorysetup-thread-allocator-block-size=16777216"
    "memorysetup-gfx-main-allocator-block-size=16777216"
    "memorysetup-gfx-thread-allocator-block-size=16777216"
    "memorysetup-cache-allocator-block-size=4194304"
    "memorysetup-typetree-allocator-block-size=2097152"
    "memorysetup-profiler-bucket-allocator-granularity=16"
    "memorysetup-profiler-bucket-allocator-bucket-count=8"
    "memorysetup-profiler-bucket-allocator-block-size=33554432"
    "memorysetup-profiler-bucket-allocator-block-count=8"
    "memorysetup-profiler-allocator-block-size=16777216"
    "memorysetup-profiler-editor-allocator-block-size=1048576"
    "memorysetup-temp-allocator-size-main=16777216"
    "memorysetup-job-temp-allocator-block-size=2097152"
    "memorysetup-job-temp-allocator-block-size-background=1048576"
    "memorysetup-job-temp-allocator-reduction-small-platforms=262144"
    "memorysetup-allocator-temp-initial-block-size-main=262144"
    "memorysetup-allocator-temp-initial-block-size-worker=262144"
    "memorysetup-temp-allocator-size-background-worker=32768"
    "memorysetup-temp-allocator-size-job-worker=262144"
    "memorysetup-temp-allocator-size-preload-manager=33554432"
    "memorysetup-temp-allocator-size-nav-mesh-worker=65536"
    "memorysetup-temp-allocator-size-audio-worker=65536"
    "memorysetup-temp-allocator-size-cloud-worker=32768"
    "memorysetup-temp-allocator-size-gi-baking-worker=262144"
    "memorysetup-temp-allocator-size-gfx=262144"
Player connection [15556] Host "[IP] 192.168.56.1 [Port] 0 [Flags] 2 [Guid] 2163579326 [EditorId] 2163579326 [Version] 1048832 [Id] WindowsEditor(7,S1RBI) [Debug] 1 [PackageName] WindowsEditor [ProjectName] Editor" joined multi-casting on [225.0.0.222:54997]...

Player connection [15556] Host "[IP] 192.168.56.1 [Port] 0 [Flags] 2 [Guid] 2163579326 [EditorId] 2163579326 [Version] 1048832 [Id] WindowsEditor(7,S1RBI) [Debug] 1 [PackageName] WindowsEditor [ProjectName] Editor" joined alternative multi-casting on [225.0.0.222:34997]...

[Physics::Module] Initialized MultithreadedJobDispatcher with 11 workers.
Refreshing native plugins compatible for Editor in 13.99 ms, found 6 plugins.
Preloading 0 native plugins for Editor in 0.00 ms.
Initialize engine version: 2022.3.24f1 (334eb2a0b267)
[Subsystems] Discovering subsystems at path D:/Program Files/UnityHub/2022.3.24f1/Editor/Data/Resources/UnitySubsystems
[Subsystems] Discovering subsystems at path D:/Institut/VR/VR_2024/My project (2)/Assets
GfxDevice: creating device client; threaded=0; jobified=0
Direct3D:
    Version:  Direct3D 11.0 [level 11.1]
    Renderer: NVIDIA GeForce RTX 2060 (ID=0x1f15)
    Vendor:   NVIDIA
    VRAM:     5955 MB
    Driver:   31.0.15.5222
Initialize mono
Mono path[0] = 'D:/Program Files/UnityHub/2022.3.24f1/Editor/Data/Managed'
Mono path[1] = 'D:/Program Files/UnityHub/2022.3.24f1/Editor/Data/MonoBleedingEdge/lib/mono/unityjit-win32'
Mono config path = 'D:/Program Files/UnityHub/2022.3.24f1/Editor/Data/MonoBleedingEdge/etc'
Using monoOptions --debugger-agent=transport=dt_socket,embedding=1,server=y,suspend=n,address=127.0.0.1:56872
Begin MonoManager ReloadAssembly
Registering precompiled unity dll's ...
Register platform support module: D:/Program Files/UnityHub/2022.3.24f1/Editor/Data/PlaybackEngines/WebGLSupport/UnityEditor.WebGL.Extensions.dll
Register platform support module: D:/Program Files/UnityHub/2022.3.24f1/Editor/Data/PlaybackEngines/WindowsStandaloneSupport/UnityEditor.WindowsStandalone.Extensions.dll
Registered in 0.005529 seconds.
- Loaded All Assemblies, in  0.589 seconds
Native extension for WindowsStandalone target not found
Native extension for WebGL target not found
Mono: successfully reloaded assembly
- Finished resetting the current domain, in  0.559 seconds
Domain Reload Profiling: 1149ms
	BeginReloadAssembly (168ms)
		ExecutionOrderSort (0ms)
		DisableScriptedObjects (0ms)
		BackupInstance (0ms)
		ReleaseScriptingObjects (0ms)
		CreateAndSetChildDomain (1ms)
	RebuildCommonClasses (53ms)
	RebuildNativeTypeToScriptingClass (15ms)
	initialDomainReloadingComplete (83ms)
	LoadAllAssembliesAndSetupDomain (270ms)
		LoadAssemblies (167ms)
		RebuildTransferFunctionScriptingTraits (0ms)
		AnalyzeDomain (267ms)
			TypeCache.Refresh (265ms)
				TypeCache.ScanAssembly (236ms)
			ScanForSourceGeneratedMonoScriptInfo (1ms)
			ResolveRequiredComponents (1ms)
	FinalizeReload (560ms)
		ReleaseScriptCaches (0ms)
		RebuildScriptCaches (0ms)
		SetupLoadedEditorAssemblies (439ms)
			LogAssemblyErrors (0ms)
			InitializePlatformSupportModulesInManaged (21ms)
			SetLoadedEditorAssemblies (10ms)
			RefreshPlugins (0ms)
			BeforeProcessingInitializeOnLoad (3ms)
			ProcessInitializeOnLoadAttributes (315ms)
			ProcessInitializeOnLoadMethodAttributes (89ms)
			AfterProcessingInitializeOnLoad (0ms)
			EditorAssembliesLoaded (0ms)
		ExecutionOrderSort2 (0ms)
		AwakeInstancesAfterBackupRestoration (0ms)
========================================================================
Worker process is ready to serve import requests
Begin MonoManager ReloadAssembly
- Loaded All Assemblies, in  1.165 seconds
Refreshing native plugins compatible for Editor in 6.76 ms, found 6 plugins.
Native extension for WindowsStandalone target not found
Native extension for WebGL target not found
Package Manager log level set to [2]
[Package Manager] Server::EnsureServerProcessIsRunning -- launch failed, reason: Unity was launched with the -noUpm command-line argument
[Package Manager] UpmClient::Send -- Unable to send message (not connected to UPM process).
[Package Manager] Cannot connect to Unity Package Manager local server
[Package Manager] Server::EnsureServerProcessIsRunning -- launch failed, reason: Unity was launched with the -noUpm command-line argument
[Package Manager] UpmClient::Send -- Unable to send message (not connected to UPM process).
[Package Manager] Cannot connect to Unity Package Manager local server
Mono: successfully reloaded assembly
[Package Manager] Server::EnsureServerProcessIsRunning -- launch failed, reason: Unity was launched with the -noUpm command-line argument
[Package Manager] UpmClient::Send -- Unable to send message (not connected to UPM process).
[Package Manager] Cannot connect to Unity Package Manager local server
[Package Manager] Server::EnsureServerProcessIsRunning -- launch failed, reason: Unity was launched with the -noUpm command-line argument
[Package Manager] UpmClient::Send -- Unable to send message (not connected to UPM process).
[Package Manager] Cannot connect to Unity Package Manager local server
- Finished resetting the current domain, in  1.090 seconds
Domain Reload Profiling: 2256ms
	BeginReloadAssembly (291ms)
		ExecutionOrderSort (0ms)
		DisableScriptedObjects (8ms)
		BackupInstance (0ms)
		ReleaseScriptingObjects (0ms)
		CreateAndSetChildDomain (40ms)
	RebuildCommonClasses (67ms)
	RebuildNativeTypeToScriptingClass (17ms)
	initialDomainReloadingComplete (68ms)
	LoadAllAssembliesAndSetupDomain (722ms)
		LoadAssemblies (508ms)
		RebuildTransferFunctionScriptingTraits (0ms)
		AnalyzeDomain (391ms)
			TypeCache.Refresh (340ms)
				TypeCache.ScanAssembly (311ms)
			ScanForSourceGeneratedMonoScriptInfo (32ms)
			ResolveRequiredComponents (15ms)
	FinalizeReload (1091ms)
		ReleaseScriptCaches (0ms)
		RebuildScriptCaches (0ms)
		SetupLoadedEditorAssemblies (778ms)
			LogAssemblyErrors (0ms)
			InitializePlatformSupportModulesInManaged (9ms)
			SetLoadedEditorAssemblies (9ms)
			RefreshPlugins (0ms)
			BeforeProcessingInitializeOnLoad (102ms)
			ProcessInitializeOnLoadAttributes (609ms)
			ProcessInitializeOnLoadMethodAttributes (46ms)
			AfterProcessingInitializeOnLoad (2ms)
			EditorAssembliesLoaded (0ms)
		ExecutionOrderSort2 (0ms)
		AwakeInstancesAfterBackupRestoration (13ms)
Launched and connected shader compiler UnityShaderCompiler.exe after 0.08 seconds
Refreshing native plugins compatible for Editor in 6.25 ms, found 6 plugins.
Preloading 0 native plugins for Editor in 0.00 ms.
Unloading 3485 Unused Serialized files (Serialized files now loaded: 0)
Unloading 36 unused Assets / (58.8 KB). Loaded Objects now: 3954.
Memory consumption went from 140.7 MB to 140.7 MB.
Total: 5.436100 ms (FindLiveObjects: 0.864700 ms CreateObjectMapping: 1.100100 ms MarkObjects: 3.204100 ms  DeleteObjects: 0.264600 ms)

AssetImportParameters requested are different than current active one (requested -> active):
  custom:container-demuxer-ogg: 62fdf1f143b41e24485cea50d1cbac27 -> 
  custom:video-codec-MediaFoundation-h265: 746d11721c4dcdbdad8f713fa42b33f4 -> 
  custom:video-decoder-ogg-theora: a1e56fd34408186e4bbccfd4996cb3dc -> 
  custom:framework-win-MediaFoundation: 216162199b28c13a410421893ffa2e32 -> 
  custom:CustomObjectIndexerAttribute: 9a22284fe3817be447336de3de66b15e -> 
  custom:container-demuxer-webm: 4f35f7cbe854078d1ac9338744f61a02 -> 
  custom:container-muxer-webm: aa71ff27fc2769a1b78a27578f13a17b -> 
  custom:video-decoder-webm-vp8: 9c59270c3fd7afecdb556c50c9e8de78 -> 
  custom:SearchIndexIgnoredProperties: e643bd26f0fe6173181afceb89e7c659 -> 
  custom:AudioImporter_EditorPlatform: d09bf68614088b80899f8185d706f6e7 -> 
  custom:video-encoder-webm-vp8: eb34c28f22e8b96e1ab97ce403110664 -> 
  custom:audio-decoder-ogg-vorbis: bf7c407c2cedff20999df2af8eb42d56 -> 
  custom:audio-encoder-webm-vorbis: bf7c407c2cedff20999df2af8eb42d56 -> 
========================================================================
Received Import Request.
  Time since last request: 76641.563699 seconds.
  path: Assets/Object/Models/Stanoc2/Metal041A.png
  artifactKey: Guid(6bbe433c0d7f8da44af9e71804574a7a) Importer(815301076,1909f56bfc062723c751e8b465ee728b)
Start importing Assets/Object/Models/Stanoc2/Metal041A.png using Guid(6bbe433c0d7f8da44af9e71804574a7a) Importer(815301076,1909f56bfc062723c751e8b465ee728b)  -> (artifact id: '82bc10f922ada43ee4526692e9a39afc') in 0.095982 seconds
Number of updated asset objects reloaded before import = 0
Number of asset objects unloaded after import = 2
========================================================================
Received Import Request.
  Time since last request: 0.000061 seconds.
  path: Assets/Object/Models/Stanoc2/PaintedWood009A_2K-PNG_AmbientOcclusion.png
  artifactKey: Guid(da7a7b55bf6a52e4bac577229df21097) Importer(815301076,1909f56bfc062723c751e8b465ee728b)
Start importing Assets/Object/Models/Stanoc2/PaintedWood009A_2K-PNG_AmbientOcclusion.png using Guid(da7a7b55bf6a52e4bac577229df21097) Importer(815301076,1909f56bfc062723c751e8b465ee728b)  -> (artifact id: '1b23dc3e171b1fa1ac309c9abffdfd21') in 0.022526 seconds
Number of updated asset objects reloaded before import = 0
Number of asset objects unloaded after import = 2
========================================================================
Received Import Request.
  Time since last request: 0.000020 seconds.
  path: Assets/Object/Models/Stanoc2/Leather036D_2K-PNG_NormalDX.png
  artifactKey: Guid(b52cb59f1c03cdd4a99b358f69e7ebbe) Importer(815301076,1909f56bfc062723c751e8b465ee728b)
Start importing Assets/Object/Models/Stanoc2/Leather036D_2K-PNG_NormalDX.png using Guid(b52cb59f1c03cdd4a99b358f69e7ebbe) Importer(815301076,1909f56bfc062723c751e8b465ee728b)  -> (artifact id: '4808d9ec199e8b84c6f6d9c8cd9f4e38') in 0.024347 seconds
Number of updated asset objects reloaded before import = 0
Number of asset objects unloaded after import = 2
========================================================================
Received Import Request.
  Time since last request: 0.000021 seconds.
  path: Assets/Object/Models/Stanoc2/Metal011.png
  artifactKey: Guid(e6198c41d2d0247479572979a128088e) Importer(815301076,1909f56bfc062723c751e8b465ee728b)
Start importing Assets/Object/Models/Stanoc2/Metal011.png using Guid(e6198c41d2d0247479572979a128088e) Importer(815301076,1909f56bfc062723c751e8b465ee728b)  -> (artifact id: 'd182c1124f0056b244bf53cfc16af716') in 0.025106 seconds
Number of updated asset objects reloaded before import = 0
Number of asset objects unloaded after import = 2
========================================================================
Received Import Request.
  Time since last request: 0.000016 seconds.
  path: Assets/Object/Models/Stanoc2/Metal032.png
  artifactKey: Guid(d8dd825986984db4d83c0b35ad624703) Importer(815301076,1909f56bfc062723c751e8b465ee728b)
Start importing Assets/Object/Models/Stanoc2/Metal032.png using Guid(d8dd825986984db4d83c0b35ad624703) Importer(815301076,1909f56bfc062723c751e8b465ee728b)  -> (artifact id: 'b7f957cb54951f6ac0b2927dd4aec384') in 0.028606 seconds
Number of updated asset objects reloaded before import = 0
Number of asset objects unloaded after import = 2
========================================================================
Received Import Request.
  Time since last request: 0.000017 seconds.
  path: Assets/Object/Models/Stanoc2/Leather036D_2K-PNG_NormalGL.png
  artifactKey: Guid(bc789b90877d39646a857fb7a7b12cac) Importer(815301076,1909f56bfc062723c751e8b465ee728b)
Start importing Assets/Object/Models/Stanoc2/Leather036D_2K-PNG_NormalGL.png using Guid(bc789b90877d39646a857fb7a7b12cac) Importer(815301076,1909f56bfc062723c751e8b465ee728b)  -> (artifact id: '44603abe0aec03738b1758d92d1a9fdc') in 0.082932 seconds
Number of updated asset objects reloaded before import = 0
Number of asset objects unloaded after import = 2
========================================================================
Received Import Request.
  Time since last request: 0.000051 seconds.
  path: Assets/Object/Models/Stanoc2/PaintedWood009A_2K-PNG_Roughness.png
  artifactKey: Guid(974fb2e64fb2ed742ae6301c867c7b4a) Importer(815301076,1909f56bfc062723c751e8b465ee728b)
Start importing Assets/Object/Models/Stanoc2/PaintedWood009A_2K-PNG_Roughness.png using Guid(974fb2e64fb2ed742ae6301c867c7b4a) Importer(815301076,1909f56bfc062723c751e8b465ee728b)  -> (artifact id: 'c9d7030640e713239e85f72f51bfe59a') in 0.027242 seconds
Number of updated asset objects reloaded before import = 0
Number of asset objects unloaded after import = 2
========================================================================
Received Import Request.
  Time since last request: 0.000130 seconds.
  path: Assets/Object/Models/Stanoc2/PaintedWood009A_2K-PNG_Displacement.png
  artifactKey: Guid(a28d3c52a34a55a4eaa10bd31a8c0460) Importer(815301076,1909f56bfc062723c751e8b465ee728b)
Start importing Assets/Object/Models/Stanoc2/PaintedWood009A_2K-PNG_Displacement.png using Guid(a28d3c52a34a55a4eaa10bd31a8c0460) Importer(815301076,1909f56bfc062723c751e8b465ee728b)  -> (artifact id: '48c6431643fdff5b6516fd7e3a8727ed') in 0.027328 seconds
Number of updated asset objects reloaded before import = 0
Number of asset objects unloaded after import = 2
========================================================================
Received Import Request.
  Time since last request: 0.000128 seconds.
  path: Assets/Object/Models/Stanoc2/Metal011_2K-PNG_Displacement.png
  artifactKey: Guid(0e5ddaee7c6fd784d93b3d6dc4815d79) Importer(815301076,1909f56bfc062723c751e8b465ee728b)
Start importing Assets/Object/Models/Stanoc2/Metal011_2K-PNG_Displacement.png using Guid(0e5ddaee7c6fd784d93b3d6dc4815d79) Importer(815301076,1909f56bfc062723c751e8b465ee728b)  -> (artifact id: '5c9e8c22d4a645dc2a3b934e1b9a036d') in 0.021265 seconds
Number of updated asset objects reloaded before import = 0
Number of asset objects unloaded after import = 2
========================================================================
Received Import Request.
  Time since last request: 0.000017 seconds.
  path: Assets/Object/Models/Stanoc2/Metal041A_2K-PNG_Color.png
  artifactKey: Guid(95d65eddcc2f9084ca8b074f5edac54a) Importer(815301076,1909f56bfc062723c751e8b465ee728b)
Start importing Assets/Object/Models/Stanoc2/Metal041A_2K-PNG_Color.png using Guid(95d65eddcc2f9084ca8b074f5edac54a) Importer(815301076,1909f56bfc062723c751e8b465ee728b)  -> (artifact id: 'b86da723500dab313c2d7847bcdca956') in 0.027846 seconds
Number of updated asset objects reloaded before import = 0
Number of asset objects unloaded after import = 2
========================================================================
Received Import Request.
  Time since last request: 0.000019 seconds.
  path: Assets/Object/Models/Stanoc2/Metal011_2K-PNG_Color.png
  artifactKey: Guid(999b2f3144d78ba41aa07ff5b138c014) Importer(815301076,1909f56bfc062723c751e8b465ee728b)
Start importing Assets/Object/Models/Stanoc2/Metal011_2K-PNG_Color.png using Guid(999b2f3144d78ba41aa07ff5b138c014) Importer(815301076,1909f56bfc062723c751e8b465ee728b)  -> (artifact id: 'b852362d265645f4b4b0de9ccdb8f7e0') in 0.023221 seconds
Number of updated asset objects reloaded before import = 0
Number of asset objects unloaded after import = 2
========================================================================
Received Import Request.
  Time since last request: 0.000022 seconds.
  path: Assets/Object/Models/Stanoc2/Leather036D.png
  artifactKey: Guid(7bb7564c967440e43885a1ce3017367f) Importer(815301076,1909f56bfc062723c751e8b465ee728b)
Start importing Assets/Object/Models/Stanoc2/Leather036D.png using Guid(7bb7564c967440e43885a1ce3017367f) Importer(815301076,1909f56bfc062723c751e8b465ee728b)  -> (artifact id: 'de8c47be66f814381d068681d3c74043') in 0.027676 seconds
Number of updated asset objects reloaded before import = 0
Number of asset objects unloaded after import = 2
========================================================================
Received Import Request.
  Time since last request: 0.000021 seconds.
  path: Assets/Object/Models/Stanoc2/Metal032_2K-PNG_NormalDX.png
  artifactKey: Guid(0c81b890433ed204a9e58c6fc87ad459) Importer(815301076,1909f56bfc062723c751e8b465ee728b)
Start importing Assets/Object/Models/Stanoc2/Metal032_2K-PNG_NormalDX.png using Guid(0c81b890433ed204a9e58c6fc87ad459) Importer(815301076,1909f56bfc062723c751e8b465ee728b)  -> (artifact id: '1d4ecbac9d48434a27b9a9a4f6db14fd') in 0.023631 seconds
Number of updated asset objects reloaded before import = 0
Number of asset objects unloaded after import = 2
========================================================================
Received Import Request.
  Time since last request: 0.000024 seconds.
  path: Assets/Object/Models/Stanoc2/Metal011_2K-PNG_Roughness.png
  artifactKey: Guid(68ef3bb8831efdf4188ec623cf05e5f6) Importer(815301076,1909f56bfc062723c751e8b465ee728b)
Start importing Assets/Object/Models/Stanoc2/Metal011_2K-PNG_Roughness.png using Guid(68ef3bb8831efdf4188ec623cf05e5f6) Importer(815301076,1909f56bfc062723c751e8b465ee728b)  -> (artifact id: 'cf0608bb77d90e6fe81f4cd5f2727d2a') in 0.022400 seconds
Number of updated asset objects reloaded before import = 0
Number of asset objects unloaded after import = 2
========================================================================
Received Import Request.
  Time since last request: 0.000019 seconds.
  path: Assets/Object/Models/Stanoc2/Metal032_2K-PNG_Metalness.png
  artifactKey: Guid(b7412228deacd324c8b066b52dfcd23d) Importer(815301076,1909f56bfc062723c751e8b465ee728b)
Start importing Assets/Object/Models/Stanoc2/Metal032_2K-PNG_Metalness.png using Guid(b7412228deacd324c8b066b52dfcd23d) Importer(815301076,1909f56bfc062723c751e8b465ee728b)  -> (artifact id: 'e4c9bacbb823637a2bb17468f31fcb40') in 0.020266 seconds
Number of updated asset objects reloaded before import = 0
Number of asset objects unloaded after import = 2
========================================================================
Received Import Request.
  Time since last request: 0.000019 seconds.
  path: Assets/Object/Models/Stanoc2/Leather036D_2K-PNG_Color.png
  artifactKey: Guid(5866620a3a8e23f429fea36df0496ebb) Importer(815301076,1909f56bfc062723c751e8b465ee728b)
Start importing Assets/Object/Models/Stanoc2/Leather036D_2K-PNG_Color.png using Guid(5866620a3a8e23f429fea36df0496ebb) Importer(815301076,1909f56bfc062723c751e8b465ee728b)  -> (artifact id: '391e19b78d2a4d888f36c4bd56e9bb85') in 0.024275 seconds
Number of updated asset objects reloaded before import = 0
Number of asset objects unloaded after import = 2
========================================================================
Received Import Request.
  Time since last request: 0.000014 seconds.
  path: Assets/Object/Models/Stanoc2/Leather036D_2K-PNG_AmbientOcclusion.png
  artifactKey: Guid(4d878ac18485e994896a65fc17fb01d1) Importer(815301076,1909f56bfc062723c751e8b465ee728b)
Start importing Assets/Object/Models/Stanoc2/Leather036D_2K-PNG_AmbientOcclusion.png using Guid(4d878ac18485e994896a65fc17fb01d1) Importer(815301076,1909f56bfc062723c751e8b465ee728b)  -> (artifact id: 'aa7119e674487bb80ab0aed8b8fe71d9') in 0.022024 seconds
Number of updated asset objects reloaded before import = 0
Number of asset objects unloaded after import = 2
========================================================================
Received Import Request.
  Time since last request: 0.000023 seconds.
  path: Assets/Object/Models/Stanoc2/PaintedWood009A_2K-PNG_Color.png
  artifactKey: Guid(1f4d9039c49911c4292a6e288c352a74) Importer(815301076,1909f56bfc062723c751e8b465ee728b)
Start importing Assets/Object/Models/Stanoc2/PaintedWood009A_2K-PNG_Color.png using Guid(1f4d9039c49911c4292a6e288c352a74) Importer(815301076,1909f56bfc062723c751e8b465ee728b)  -> (artifact id: '3d80e9834f34aae0835b890f658b825d') in 0.030814 seconds
Number of updated asset objects reloaded before import = 0
Number of asset objects unloaded after import = 2
========================================================================
Received Import Request.
  Time since last request: 0.000078 seconds.
  path: Assets/Object/Models/Stanoc2/Metal032_2K-PNG_Displacement.png
  artifactKey: Guid(0b2edcfe3035cbf41bb08fd808fe46f2) Importer(815301076,1909f56bfc062723c751e8b465ee728b)
Start importing Assets/Object/Models/Stanoc2/Metal032_2K-PNG_Displacement.png using Guid(0b2edcfe3035cbf41bb08fd808fe46f2) Importer(815301076,1909f56bfc062723c751e8b465ee728b)  -> (artifact id: 'c063f6111aca91a2b033148173289911') in 0.024608 seconds
Number of updated asset objects reloaded before import = 0
Number of asset objects unloaded after import = 2
========================================================================
Received Import Request.
  Time since last request: 0.000022 seconds.
  path: Assets/Object/Models/Stanoc2/Metal032_2K-PNG_Color.png
  artifactKey: Guid(90d0c8e4cd484134d9c1830fad459ec5) Importer(815301076,1909f56bfc062723c751e8b465ee728b)
Start importing Assets/Object/Models/Stanoc2/Metal032_2K-PNG_Color.png using Guid(90d0c8e4cd484134d9c1830fad459ec5) Importer(815301076,1909f56bfc062723c751e8b465ee728b)  -> (artifact id: '70ce43d5380e323f761924e4860ac2ee') in 0.020774 seconds
Number of updated asset objects reloaded before import = 0
Number of asset objects unloaded after import = 2
========================================================================
Received Import Request.
  Time since last request: 0.000030 seconds.
  path: Assets/Object/Models/Stanoc2/Metal032_2K-PNG_Roughness.png
  artifactKey: Guid(07ef2996d72f0b142a743c7098626ca9) Importer(815301076,1909f56bfc062723c751e8b465ee728b)
Start importing Assets/Object/Models/Stanoc2/Metal032_2K-PNG_Roughness.png using Guid(07ef2996d72f0b142a743c7098626ca9) Importer(815301076,1909f56bfc062723c751e8b465ee728b)  -> (artifact id: '0df7b509b53e2019cdfd599481a72066') in 0.023056 seconds
Number of updated asset objects reloaded before import = 0
Number of asset objects unloaded after import = 2
========================================================================
Received Import Request.
  Time since last request: 0.000027 seconds.
  path: Assets/Object/Models/Stanoc2/Leather036D_2K-PNG_Displacement.png
  artifactKey: Guid(136c3fce1b18973418949dbe813d0e75) Importer(815301076,1909f56bfc062723c751e8b465ee728b)
Start importing Assets/Object/Models/Stanoc2/Leather036D_2K-PNG_Displacement.png using Guid(136c3fce1b18973418949dbe813d0e75) Importer(815301076,1909f56bfc062723c751e8b465ee728b)  -> (artifact id: '1d52e9005d800c62665d09921b96bfb3') in 0.028138 seconds
Number of updated asset objects reloaded before import = 0
Number of asset objects unloaded after import = 2
========================================================================
Received Import Request.
  Time since last request: 0.000032 seconds.
  path: Assets/Object/Models/Stanoc2/Metal041A_2K-PNG_NormalDX.png
  artifactKey: Guid(fc2ad3d2d891ec444ae020cee06657f1) Importer(815301076,1909f56bfc062723c751e8b465ee728b)
Start importing Assets/Object/Models/Stanoc2/Metal041A_2K-PNG_NormalDX.png using Guid(fc2ad3d2d891ec444ae020cee06657f1) Importer(815301076,1909f56bfc062723c751e8b465ee728b)  -> (artifact id: '9d16bcb79a08124725d1b70b1c165a09') in 0.024442 seconds
Number of updated asset objects reloaded before import = 0
Number of asset objects unloaded after import = 2
========================================================================
Received Import Request.
  Time since last request: 0.000025 seconds.
  path: Assets/Object/Models/Stanoc2/Metal041A_2K-PNG_Metalness.png
  artifactKey: Guid(c37787abfec5a284ba3a78c35cead83e) Importer(815301076,1909f56bfc062723c751e8b465ee728b)
Start importing Assets/Object/Models/Stanoc2/Metal041A_2K-PNG_Metalness.png using Guid(c37787abfec5a284ba3a78c35cead83e) Importer(815301076,1909f56bfc062723c751e8b465ee728b)  -> (artifact id: 'a94b89f995ccf5614973fc7f7eeffe82') in 0.011157 seconds
Number of updated asset objects reloaded before import = 0
Number of asset objects unloaded after import = 2
========================================================================
Received Import Request.
  Time since last request: 0.000022 seconds.
  path: Assets/Object/Models/Stanoc2/PaintedWood009A.png
  artifactKey: Guid(6b83225d4dc5a5941a1d6cdb698cf565) Importer(815301076,1909f56bfc062723c751e8b465ee728b)
Start importing Assets/Object/Models/Stanoc2/PaintedWood009A.png using Guid(6b83225d4dc5a5941a1d6cdb698cf565) Importer(815301076,1909f56bfc062723c751e8b465ee728b)  -> (artifact id: '7b20002f96a46130296b1acba8bb53d8') in 0.032139 seconds
Number of updated asset objects reloaded before import = 0
Number of asset objects unloaded after import = 2
========================================================================
Received Import Request.
  Time since last request: 0.000023 seconds.
  path: Assets/Object/Models/Stanoc2/Metal041A_2K-PNG_NormalGL.png
  artifactKey: Guid(954f413beda24ea40bcef68fad7c6ea6) Importer(815301076,1909f56bfc062723c751e8b465ee728b)
Start importing Assets/Object/Models/Stanoc2/Metal041A_2K-PNG_NormalGL.png using Guid(954f413beda24ea40bcef68fad7c6ea6) Importer(815301076,1909f56bfc062723c751e8b465ee728b)  -> (artifact id: '3770832cc27340bcca2d81c86f73ebc1') in 0.039710 seconds
Number of updated asset objects reloaded before import = 0
Number of asset objects unloaded after import = 2
========================================================================
Received Import Request.
  Time since last request: 0.000029 seconds.
  path: Assets/Object/Models/Stanoc2/Metal041A_2K-PNG_Roughness.png
  artifactKey: Guid(7144f138bd46e714b8486b440515ce56) Importer(815301076,1909f56bfc062723c751e8b465ee728b)
Start importing Assets/Object/Models/Stanoc2/Metal041A_2K-PNG_Roughness.png using Guid(7144f138bd46e714b8486b440515ce56) Importer(815301076,1909f56bfc062723c751e8b465ee728b)  -> (artifact id: '91fc2ed69cb34f8df4f31fdd3935fb05') in 0.037948 seconds
Number of updated asset objects reloaded before import = 0
Number of asset objects unloaded after import = 2
========================================================================
Received Import Request.
  Time since last request: 0.000691 seconds.
  path: Assets/Object/Models/Stanoc2/Plastic009.png
  artifactKey: Guid(08d1df04db753e64ea66a904c3680ea7) Importer(815301076,1909f56bfc062723c751e8b465ee728b)
Start importing Assets/Object/Models/Stanoc2/Plastic009.png using Guid(08d1df04db753e64ea66a904c3680ea7) Importer(815301076,1909f56bfc062723c751e8b465ee728b)  -> (artifact id: 'c1a09a2433ddade473bea0e19d32f62d') in 0.021754 seconds
Number of updated asset objects reloaded before import = 0
Number of asset objects unloaded after import = 2
========================================================================
Received Import Request.
  Time since last request: 0.000031 seconds.
  path: Assets/Object/Models/Stanoc2/PaintedWood009A_2K-PNG_NormalGL.png
  artifactKey: Guid(442cac706810ee7489198fc5111f07a8) Importer(815301076,1909f56bfc062723c751e8b465ee728b)
Start importing Assets/Object/Models/Stanoc2/PaintedWood009A_2K-PNG_NormalGL.png using Guid(442cac706810ee7489198fc5111f07a8) Importer(815301076,1909f56bfc062723c751e8b465ee728b)  -> (artifact id: '85dc09b879501b15c446eca32094d33e') in 0.026436 seconds
Number of updated asset objects reloaded before import = 0
Number of asset objects unloaded after import = 2
========================================================================
Received Import Request.
  Time since last request: 0.000043 seconds.
  path: Assets/Object/Models/Stanoc2/Leather036D_2K-PNG_Roughness.png
  artifactKey: Guid(717ecb69a9885764cbf963939420d170) Importer(815301076,1909f56bfc062723c751e8b465ee728b)
Start importing Assets/Object/Models/Stanoc2/Leather036D_2K-PNG_Roughness.png using Guid(717ecb69a9885764cbf963939420d170) Importer(815301076,1909f56bfc062723c751e8b465ee728b)  -> (artifact id: '99d2d8bff19f0fc061c1319ad8f82476') in 0.023255 seconds
Number of updated asset objects reloaded before import = 0
Number of asset objects unloaded after import = 2
========================================================================
Received Import Request.
  Time since last request: 0.000016 seconds.
  path: Assets/Object/Models/Stanoc2/Metal011_2K-PNG_NormalDX.png
  artifactKey: Guid(afb2229f5fec5d44f8bd88f8f8757d88) Importer(815301076,1909f56bfc062723c751e8b465ee728b)
Start importing Assets/Object/Models/Stanoc2/Metal011_2K-PNG_NormalDX.png using Guid(afb2229f5fec5d44f8bd88f8f8757d88) Importer(815301076,1909f56bfc062723c751e8b465ee728b)  -> (artifact id: 'fbd23c090e43a20cb40340b90725a413') in 0.035286 seconds
Number of updated asset objects reloaded before import = 0
Number of asset objects unloaded after import = 2
========================================================================
Received Import Request.
  Time since last request: 0.000021 seconds.
  path: Assets/Object/Models/Stanoc2/Metal032_2K-PNG_NormalGL.png
  artifactKey: Guid(1440f967bed78a74b8784e1c6cb0eb51) Importer(815301076,1909f56bfc062723c751e8b465ee728b)
Start importing Assets/Object/Models/Stanoc2/Metal032_2K-PNG_NormalGL.png using Guid(1440f967bed78a74b8784e1c6cb0eb51) Importer(815301076,1909f56bfc062723c751e8b465ee728b)  -> (artifact id: '386583856b554c7c9a4aa0e43287e277') in 0.025142 seconds
Number of updated asset objects reloaded before import = 0
Number of asset objects unloaded after import = 2
========================================================================
Received Import Request.
  Time since last request: 0.000016 seconds.
  path: Assets/Object/Models/Stanoc2/Metal011_2K-PNG_Metalness.png
  artifactKey: Guid(f0314dfe517953841af7de38ac4f1d80) Importer(815301076,1909f56bfc062723c751e8b465ee728b)
Start importing Assets/Object/Models/Stanoc2/Metal011_2K-PNG_Metalness.png using Guid(f0314dfe517953841af7de38ac4f1d80) Importer(815301076,1909f56bfc062723c751e8b465ee728b)  -> (artifact id: '71a5d2fba64aaddfe946ebaf8a98e61c') in 0.013605 seconds
Number of updated asset objects reloaded before import = 0
Number of asset objects unloaded after import = 2
========================================================================
Received Import Request.
  Time since last request: 0.000020 seconds.
  path: Assets/Object/Models/Stanoc2/Metal011_2K-PNG_NormalGL.png
  artifactKey: Guid(77ef641487088c349a0f3d5a7693a98a) Importer(815301076,1909f56bfc062723c751e8b465ee728b)
Start importing Assets/Object/Models/Stanoc2/Metal011_2K-PNG_NormalGL.png using Guid(77ef641487088c349a0f3d5a7693a98a) Importer(815301076,1909f56bfc062723c751e8b465ee728b)  -> (artifact id: 'd5e876c85b44d5929712776c8c07f0c3') in 0.025683 seconds
Number of updated asset objects reloaded before import = 0
Number of asset objects unloaded after import = 2
========================================================================
Received Prepare
Begin MonoManager ReloadAssembly
- Loaded All Assemblies, in  0.519 seconds
Refreshing native plugins compatible for Editor in 4.50 ms, found 6 plugins.
Native extension for WindowsStandalone target not found
Native extension for WebGL target not found
[Package Manager] Server::EnsureServerProcessIsRunning -- launch failed, reason: Unity was launched with the -noUpm command-line argument
[Package Manager] UpmClient::Send -- Unable to send message (not connected to UPM process).
[Package Manager] Cannot connect to Unity Package Manager local server
[Package Manager] Server::EnsureServerProcessIsRunning -- launch failed, reason: Unity was launched with the -noUpm command-line argument
[Package Manager] UpmClient::Send -- Unable to send message (not connected to UPM process).
[Package Manager] Cannot connect to Unity Package Manager local server
Mono: successfully reloaded assembly
[Package Manager] Server::EnsureServerProcessIsRunning -- launch failed, reason: Unity was launched with the -noUpm command-line argument
[Package Manager] UpmClient::Send -- Unable to send message (not connected to UPM process).
[Package Manager] Cannot connect to Unity Package Manager local server
- Finished resetting the current domain, in  1.340 seconds
Domain Reload Profiling: 1859ms
	BeginReloadAssembly (197ms)
		ExecutionOrderSort (0ms)
		DisableScriptedObjects (7ms)
		BackupInstance (0ms)
		ReleaseScriptingObjects (0ms)
		CreateAndSetChildDomain (39ms)
	RebuildCommonClasses (44ms)
	RebuildNativeTypeToScriptingClass (17ms)
	initialDomainReloadingComplete (31ms)
	LoadAllAssembliesAndSetupDomain (228ms)
		LoadAssemblies (324ms)
		RebuildTransferFunctionScriptingTraits (0ms)
		AnalyzeDomain (19ms)
			TypeCache.Refresh (9ms)
				TypeCache.ScanAssembly (0ms)
			ScanForSourceGeneratedMonoScriptInfo (0ms)
			ResolveRequiredComponents (9ms)
	FinalizeReload (1341ms)
		ReleaseScriptCaches (0ms)
		RebuildScriptCaches (0ms)
		SetupLoadedEditorAssemblies (745ms)
			LogAssemblyErrors (0ms)
			InitializePlatformSupportModulesInManaged (14ms)
			SetLoadedEditorAssemblies (7ms)
			RefreshPlugins (0ms)
			BeforeProcessingInitializeOnLoad (94ms)
			ProcessInitializeOnLoadAttributes (586ms)
			ProcessInitializeOnLoadMethodAttributes (41ms)
			AfterProcessingInitializeOnLoad (3ms)
			EditorAssembliesLoaded (0ms)
		ExecutionOrderSort2 (0ms)
		AwakeInstancesAfterBackupRestoration (11ms)
Refreshing native plugins compatible for Editor in 8.61 ms, found 6 plugins.
Preloading 0 native plugins for Editor in 0.00 ms.
Unloading 3439 Unused Serialized files (Serialized files now loaded: 0)
Unloading 26 unused Assets / (32.1 KB). Loaded Objects now: 3964.
Memory consumption went from 138.9 MB to 138.9 MB.
Total: 4.411600 ms (FindLiveObjects: 0.468700 ms CreateObjectMapping: 0.340800 ms MarkObjects: 3.445000 ms  DeleteObjects: 0.154800 ms)

Prepare: number of updated asset objects reloaded= 0
AssetImportParameters requested are different than current active one (requested -> active):
  custom:container-demuxer-ogg: 62fdf1f143b41e24485cea50d1cbac27 -> 
  custom:video-codec-MediaFoundation-h265: 746d11721c4dcdbdad8f713fa42b33f4 -> 
  custom:video-decoder-ogg-theora: a1e56fd34408186e4bbccfd4996cb3dc -> 
  custom:framework-win-MediaFoundation: 216162199b28c13a410421893ffa2e32 -> 
  custom:CustomObjectIndexerAttribute: 9a22284fe3817be447336de3de66b15e -> 
  custom:container-demuxer-webm: 4f35f7cbe854078d1ac9338744f61a02 -> 
  custom:container-muxer-webm: aa71ff27fc2769a1b78a27578f13a17b -> 
  custom:video-decoder-webm-vp8: 9c59270c3fd7afecdb556c50c9e8de78 -> 
  custom:SearchIndexIgnoredProperties: e643bd26f0fe6173181afceb89e7c659 -> 
  custom:AudioImporter_EditorPlatform: d09bf68614088b80899f8185d706f6e7 -> 
  custom:video-encoder-webm-vp8: eb34c28f22e8b96e1ab97ce403110664 -> 
  custom:audio-decoder-ogg-vorbis: bf7c407c2cedff20999df2af8eb42d56 -> 
  custom:audio-encoder-webm-vorbis: bf7c407c2cedff20999df2af8eb42d56 -> 
